<?xml version="1.0" encoding="UTF-8"?>
<testng-results ignored="0" total="2" passed="2" failed="0" skipped="0">
  <reporter-output>
  </reporter-output>
  <suite started-at="2025-06-01T00:24:12 IST" name="Default suite" finished-at="2025-06-01T00:24:20 IST" duration-ms="7586">
    <groups>
    </groups>
    <test started-at="2025-06-01T00:24:12 IST" name="Default test" finished-at="2025-06-01T00:24:20 IST" duration-ms="7586">
      <class name="TestNG.Wait_Selenium">
        <test-method signature="Test1()[pri:0, instance:TestNG.Wait_Selenium@47eaca72]" started-at="2025-06-01T00:24:13 IST" name="Test1" finished-at="2025-06-01T00:24:17 IST" duration-ms="4594" status="PASS">
          <reporter-output>
          </reporter-output>
        </test-method> <!-- Test1 -->
        <test-method signature="Test2()[pri:0, instance:TestNG.Wait_Selenium@47eaca72]" started-at="2025-06-01T00:24:17 IST" name="Test2" finished-at="2025-06-01T00:24:20 IST" duration-ms="2884" status="PASS">
          <reporter-output>
          </reporter-output>
        </test-method> <!-- Test2 -->
      </class> <!-- TestNG.Wait_Selenium -->
    </test> <!-- Default test -->
  </suite> <!-- Default suite -->
</testng-results>
