<?xml version="1.0" encoding="UTF-8"?>
<!-- Generated by org.testng.reporters.JUnitXMLReporter -->
<testsuite ignored="4" hostname="NARAHARI-REDDY-9989" failures="0" tests="1" name="Default test(failed)" time="28.053" errors="0" timestamp="2025-05-21T09:20:42 IST">
  <testcase classname="TestNG.Annotaions3" name="OpenURL" time="24.375"/>
  <testcase classname="TestNG.Annotaions3" name="SearchProduct" time="0.0">
    <ignored/>
  </testcase> <!-- SearchProduct -->
  <testcase classname="TestNG.Annotaions3" name="Login" time="0.0">
    <ignored/>
  </testcase> <!-- Login -->
  <testcase classname="TestNG.Annotaions3" name="AddAddress" time="0.0">
    <ignored/>
  </testcase> <!-- AddAddress -->
  <testcase classname="TestNG.Annotaions3" name="PaymentGateway" time="0.0">
    <ignored/>
  </testcase> <!-- PaymentGateway -->
</testsuite> <!-- Default test(failed) -->
